<?xml version="1.0" encoding="UTF-8"?>
<testng-results ignored="0" total="2" passed="2" failed="0" skipped="0">
  <reporter-output>
  </reporter-output>
  <suite started-at="2024-12-30T19:16:43 IST" name="Suite" finished-at="2024-12-30T19:18:59 IST" duration-ms="135801">
    <groups>
    </groups>
    <test started-at="2024-12-30T19:16:43 IST" name="StandaloneTest" finished-at="2024-12-30T19:18:59 IST" duration-ms="135801">
      <class name="Tests.StandaloneTest">
        <test-method is-config="true" signature="launchApp()[pri:0, instance:Tests.StandaloneTest@399f45b1]" started-at="2024-12-30T19:16:44 IST" name="launchApp" finished-at="2024-12-30T19:16:56 IST" duration-ms="11738" status="PASS">
          <reporter-output>
          </reporter-output>
        </test-method> <!-- launchApp -->
        <test-method signature="launchApplication(java.util.HashMap)[pri:0, instance:Tests.StandaloneTest@399f45b1]" started-at="2024-12-30T19:16:56 IST" name="launchApplication" data-provider="getData" finished-at="2024-12-30T19:17:59 IST" duration-ms="63300" status="PASS">
          <params>
            <param index="0">
              <value>
                <![CDATA[{password=Chakri@1234, product=ADIDAS ORIGINAL, email=chakrireddy170@gmail.com}]]>
              </value>
            </param>
          </params>
          <reporter-output>
          </reporter-output>
        </test-method> <!-- launchApplication -->
        <test-method is-config="true" signature="tearDown()[pri:0, instance:Tests.StandaloneTest@399f45b1]" started-at="2024-12-30T19:17:59 IST" name="tearDown" finished-at="2024-12-30T19:17:59 IST" duration-ms="493" status="PASS">
          <reporter-output>
          </reporter-output>
        </test-method> <!-- tearDown -->
        <test-method is-config="true" signature="launchApp()[pri:0, instance:Tests.StandaloneTest@399f45b1]" started-at="2024-12-30T19:17:59 IST" name="launchApp" finished-at="2024-12-30T19:18:04 IST" duration-ms="4128" status="PASS">
          <reporter-output>
          </reporter-output>
        </test-method> <!-- launchApp -->
        <test-method signature="launchApplication(java.util.HashMap)[pri:0, instance:Tests.StandaloneTest@399f45b1]" started-at="2024-12-30T19:18:04 IST" name="launchApplication" data-provider="getData" finished-at="2024-12-30T19:18:58 IST" duration-ms="54703" status="PASS">
          <params>
            <param index="0">
              <value>
                <![CDATA[{password=Chakri@1234, product=ADIDAS ORIGINAL, email=chakrireddy170@gmail.com}]]>
              </value>
            </param>
          </params>
          <reporter-output>
          </reporter-output>
        </test-method> <!-- launchApplication -->
        <test-method is-config="true" signature="tearDown()[pri:0, instance:Tests.StandaloneTest@399f45b1]" started-at="2024-12-30T19:18:58 IST" name="tearDown" finished-at="2024-12-30T19:18:59 IST" duration-ms="529" status="PASS">
          <reporter-output>
          </reporter-output>
        </test-method> <!-- tearDown -->
      </class> <!-- Tests.StandaloneTest -->
    </test> <!-- StandaloneTest -->
  </suite> <!-- Suite -->
</testng-results>
